2025-03-19 16:30:05,247 - __main__ - INFO - Iniciando CryptoBot...
2025-03-19 16:30:05,259 - __main__ - INFO - Base de datos inicializada correctamente
2025-03-19 16:30:05,634 - __main__ - INFO - Datos obtenidos correctamente: 100 monedas
2025-03-19 16:30:05,645 - __main__ - INFO - Datos crudos guardados en data\crypto_data_20250319_163005.json
2025-03-19 16:30:05,652 - __main__ - INFO - Datos guardados en la base de datos: 100 monedas
2025-03-19 16:30:06,668 - __main__ - INFO - Gráficos guardados en data\market_overview_20250319_163005.png
2025-03-19 16:30:09,747 - __main__ - INFO - Mensaje enviado a Telegram correctamente
2025-03-19 16:30:09,748 - __main__ - INFO - Mensaje enviado a Telegram correctamente
2025-03-19 16:30:09,748 - __main__ - INFO - Ciclo de procesamiento completado correctamente
2025-03-19 16:30:09,748 - __main__ - INFO - Esperando 3600 segundos hasta la próxima actualización...
2025-03-19 16:31:21,744 - __main__ - INFO - Bot detenido por el usuario
2025-03-19 16:31:35,168 - __main__ - INFO - Iniciando CryptoBot...
2025-03-19 16:31:35,170 - __main__ - INFO - Base de datos inicializada correctamente
2025-03-19 16:31:35,574 - __main__ - INFO - Datos obtenidos correctamente: 100 monedas
2025-03-19 16:31:35,584 - __main__ - INFO - Datos crudos guardados en data\crypto_data_20250319_163135.json
2025-03-19 16:31:35,590 - __main__ - INFO - Datos guardados en la base de datos: 100 monedas
2025-03-19 16:31:36,059 - __main__ - INFO - Gráficos guardados en data\market_overview_20250319_163135.png
2025-03-19 16:31:38,600 - __main__ - INFO - Mensaje enviado a Telegram correctamente
2025-03-19 16:31:38,601 - __main__ - INFO - Mensaje enviado a Telegram correctamente
2025-03-19 16:31:38,601 - __main__ - INFO - Ciclo de procesamiento completado correctamente
2025-03-19 16:31:38,602 - __main__ - INFO - Esperando 3600 segundos hasta la próxima actualización...
2025-03-19 16:40:48,795 - __main__ - INFO - Bot detenido por el usuario
2025-03-19 16:40:54,218 - __main__ - INFO - Iniciando prueba de CryptoBot en local...
2025-03-19 16:40:54,676 - __main__ - INFO - Datos obtenidos correctamente: 100 monedas
2025-03-19 16:40:55,283 - __main__ - INFO - Mensaje enviado a Telegram correctamente
2025-03-19 16:42:05,242 - __main__ - INFO - Iniciando prueba de CryptoBot en local...
2025-03-19 16:42:05,656 - __main__ - INFO - Datos obtenidos correctamente: 100 monedas
2025-03-19 16:42:06,270 - __main__ - INFO - Mensaje enviado a Telegram correctamente
2025-03-19 16:46:17,520 - __main__ - INFO - Iniciando prueba de CryptoBot en local...
2025-03-19 16:46:17,881 - __main__ - INFO - Datos obtenidos correctamente: 100 monedas
2025-03-19 16:46:18,451 - __main__ - INFO - Mensaje enviado a Telegram correctamente
2025-03-19 16:48:33,880 - __main__ - INFO - Iniciando prueba de CryptoBot en local...
2025-03-19 16:48:34,387 - __main__ - INFO - Datos obtenidos correctamente: 100 monedas
2025-03-19 16:48:35,078 - __main__ - INFO - Mensaje enviado a Telegram correctamente
2025-03-19 16:49:44,683 - __main__ - INFO - Iniciando CryptoBot...
2025-03-19 16:49:44,685 - __main__ - INFO - Base de datos inicializada correctamente
2025-03-19 16:49:44,916 - __main__ - INFO - Datos obtenidos correctamente: 100 monedas
2025-03-19 16:49:44,926 - __main__ - INFO - Datos crudos guardados en data\crypto_data_20250319_164944.json
2025-03-19 16:49:44,935 - __main__ - INFO - Datos guardados en la base de datos: 100 monedas
2025-03-19 16:49:45,405 - __main__ - INFO - Gráficos guardados en data\market_overview_20250319_164944.png
2025-03-19 16:49:47,828 - __main__ - INFO - Mensaje enviado a Telegram correctamente
2025-03-19 16:49:47,828 - __main__ - INFO - Mensaje enviado a Telegram correctamente
2025-03-19 16:49:47,829 - __main__ - INFO - Ciclo de procesamiento completado correctamente
2025-03-19 16:49:47,829 - __main__ - INFO - Esperando 3600 segundos hasta la próxima actualización...
2025-03-19 17:49:48,355 - __main__ - INFO - Datos obtenidos correctamente: 100 monedas
2025-03-19 17:49:48,365 - __main__ - INFO - Datos crudos guardados en data\crypto_data_20250319_174948.json
2025-03-19 17:49:48,375 - __main__ - INFO - Datos guardados en la base de datos: 100 monedas
2025-03-19 17:49:48,851 - __main__ - INFO - Gráficos guardados en data\market_overview_20250319_174948.png
2025-03-19 17:49:51,317 - __main__ - INFO - Mensaje enviado a Telegram correctamente
2025-03-19 17:49:51,317 - __main__ - INFO - Mensaje enviado a Telegram correctamente
2025-03-19 17:49:51,318 - __main__ - INFO - Ciclo de procesamiento completado correctamente
2025-03-19 17:49:51,318 - __main__ - INFO - Esperando 3600 segundos hasta la próxima actualización...
2025-03-19 18:49:51,818 - __main__ - INFO - Datos obtenidos correctamente: 100 monedas
2025-03-19 18:49:51,829 - __main__ - INFO - Datos crudos guardados en data\crypto_data_20250319_184951.json
2025-03-19 18:49:51,838 - __main__ - INFO - Datos guardados en la base de datos: 100 monedas
2025-03-19 18:49:52,228 - __main__ - INFO - Gráficos guardados en data\market_overview_20250319_184951.png
2025-03-19 18:49:56,108 - __main__ - INFO - Mensaje enviado a Telegram correctamente
2025-03-19 18:49:56,108 - __main__ - INFO - Mensaje enviado a Telegram correctamente
2025-03-19 18:49:56,109 - __main__ - INFO - Ciclo de procesamiento completado correctamente
2025-03-19 18:49:56,110 - __main__ - INFO - Esperando 3600 segundos hasta la próxima actualización...
2025-03-19 19:49:56,482 - __main__ - INFO - Datos obtenidos correctamente: 100 monedas
2025-03-19 19:49:56,493 - __main__ - INFO - Datos crudos guardados en data\crypto_data_20250319_194956.json
2025-03-19 19:49:56,503 - __main__ - INFO - Datos guardados en la base de datos: 100 monedas
2025-03-19 19:49:56,896 - __main__ - INFO - Gráficos guardados en data\market_overview_20250319_194956.png
2025-03-19 19:49:59,262 - __main__ - INFO - Mensaje enviado a Telegram correctamente
2025-03-19 19:49:59,263 - __main__ - INFO - Mensaje enviado a Telegram correctamente
2025-03-19 19:49:59,263 - __main__ - INFO - Ciclo de procesamiento completado correctamente
2025-03-19 19:49:59,264 - __main__ - INFO - Esperando 3600 segundos hasta la próxima actualización...
2025-03-19 20:49:59,680 - __main__ - INFO - Datos obtenidos correctamente: 100 monedas
2025-03-19 20:49:59,692 - __main__ - INFO - Datos crudos guardados en data\crypto_data_20250319_204959.json
2025-03-19 20:49:59,703 - __main__ - INFO - Datos guardados en la base de datos: 100 monedas
2025-03-19 20:50:00,199 - __main__ - INFO - Gráficos guardados en data\market_overview_20250319_204959.png
2025-03-19 20:50:02,627 - __main__ - INFO - Mensaje enviado a Telegram correctamente
2025-03-19 20:50:02,627 - __main__ - INFO - Mensaje enviado a Telegram correctamente
2025-03-19 20:50:02,628 - __main__ - INFO - Ciclo de procesamiento completado correctamente
2025-03-19 20:50:02,629 - __main__ - INFO - Esperando 3600 segundos hasta la próxima actualización...
